2018-09-15 16:06:23 DEBUG --- [main] (LogFactory.java:135) Logging initialized using 'class org.apache.ibatis.logging.slf4j.Slf4jImpl' adapter.
2018-09-15 16:13:36 DEBUG --- [main] (LogFactory.java:135) Logging initialized using 'class org.apache.ibatis.logging.slf4j.Slf4jImpl' adapter.
2018-09-15 16:13:36 DEBUG --- [main] (JdbcTransaction.java:137) Opening JDBC Connection
2018-09-15 16:13:36 DEBUG --- [main] (JdbcTransaction.java:101) Setting autocommit to false on JDBC Connection [HikariProxyConnection@1807015220 wrapping com.mysql.cj.jdbc.ConnectionImpl@7d9f158f]
2018-09-15 16:13:36 DEBUG --- [main] (BaseJdbcLogger.java:159) ==>  Preparing: insert into user (id, username， password, avatar) values (?, ?, ?, ?) 
2018-09-15 16:13:36 DEBUG --- [main] (BaseJdbcLogger.java:159) ==> Parameters: null, 123(String), 123(String), null
2018-09-15 16:15:47 DEBUG --- [main] (LogFactory.java:135) Logging initialized using 'class org.apache.ibatis.logging.slf4j.Slf4jImpl' adapter.
2018-09-15 16:15:47 DEBUG --- [main] (JdbcTransaction.java:137) Opening JDBC Connection
2018-09-15 16:15:48 DEBUG --- [main] (JdbcTransaction.java:101) Setting autocommit to false on JDBC Connection [HikariProxyConnection@1807015220 wrapping com.mysql.cj.jdbc.ConnectionImpl@7d9f158f]
2018-09-15 16:15:48 DEBUG --- [main] (BaseJdbcLogger.java:159) ==>  Preparing: insert into user (id, username， password, avatar) values (?, ?, ?, ?) 
2018-09-15 16:15:48 DEBUG --- [main] (BaseJdbcLogger.java:159) ==> Parameters: null, 123(String), 123(String), null
2018-09-15 16:19:01 DEBUG --- [main] (LogFactory.java:135) Logging initialized using 'class org.apache.ibatis.logging.slf4j.Slf4jImpl' adapter.
2018-09-15 16:19:01 DEBUG --- [main] (JdbcTransaction.java:137) Opening JDBC Connection
2018-09-15 16:19:01 DEBUG --- [main] (JdbcTransaction.java:101) Setting autocommit to false on JDBC Connection [HikariProxyConnection@1807015220 wrapping com.mysql.cj.jdbc.ConnectionImpl@7d9f158f]
2018-09-15 16:19:01 DEBUG --- [main] (BaseJdbcLogger.java:159) ==>  Preparing: insert into user (id, username， password, avatar) values (?, ?, ?, ?) 
2018-09-15 16:19:01 DEBUG --- [main] (BaseJdbcLogger.java:159) ==> Parameters: 123(Long), 123(String), 123(String), null
2018-09-15 16:19:46 DEBUG --- [main] (LogFactory.java:135) Logging initialized using 'class org.apache.ibatis.logging.slf4j.Slf4jImpl' adapter.
2018-09-15 16:19:47 DEBUG --- [main] (JdbcTransaction.java:137) Opening JDBC Connection
2018-09-15 16:19:47 DEBUG --- [main] (JdbcTransaction.java:101) Setting autocommit to false on JDBC Connection [HikariProxyConnection@1807015220 wrapping com.mysql.cj.jdbc.ConnectionImpl@7d9f158f]
2018-09-15 16:19:47 DEBUG --- [main] (BaseJdbcLogger.java:159) ==>  Preparing: insert into user (id, username, password, avatar) values (?, ?, ?, ?) 
2018-09-15 16:19:47 DEBUG --- [main] (BaseJdbcLogger.java:159) ==> Parameters: 123(Long), 123(String), 123(String), null
2018-09-15 16:19:47 DEBUG --- [main] (BaseJdbcLogger.java:159) <==    Updates: 1
2018-09-15 16:19:47 DEBUG --- [main] (JdbcTransaction.java:70) Committing JDBC Connection [HikariProxyConnection@1807015220 wrapping com.mysql.cj.jdbc.ConnectionImpl@7d9f158f]
2018-09-15 16:20:00 DEBUG --- [main] (LogFactory.java:135) Logging initialized using 'class org.apache.ibatis.logging.slf4j.Slf4jImpl' adapter.
2018-09-15 16:20:00 DEBUG --- [main] (JdbcTransaction.java:137) Opening JDBC Connection
2018-09-15 16:20:00 DEBUG --- [main] (JdbcTransaction.java:101) Setting autocommit to false on JDBC Connection [HikariProxyConnection@1807015220 wrapping com.mysql.cj.jdbc.ConnectionImpl@7d9f158f]
2018-09-15 16:20:00 DEBUG --- [main] (BaseJdbcLogger.java:159) ==>  Preparing: insert into user (id, username, password, avatar) values (?, ?, ?, ?) 
2018-09-15 16:20:01 DEBUG --- [main] (BaseJdbcLogger.java:159) ==> Parameters: null, 123(String), 123(String), null
2018-09-15 16:20:57 DEBUG --- [main] (LogFactory.java:135) Logging initialized using 'class org.apache.ibatis.logging.slf4j.Slf4jImpl' adapter.
2018-09-15 16:20:58 DEBUG --- [main] (JdbcTransaction.java:137) Opening JDBC Connection
2018-09-15 16:20:58 DEBUG --- [main] (JdbcTransaction.java:101) Setting autocommit to false on JDBC Connection [HikariProxyConnection@1807015220 wrapping com.mysql.cj.jdbc.ConnectionImpl@7d9f158f]
2018-09-15 16:20:58 DEBUG --- [main] (BaseJdbcLogger.java:159) ==>  Preparing: insert into user (id, username, password, avatar) values (?, ?, ?, ?) 
2018-09-15 16:20:58 DEBUG --- [main] (BaseJdbcLogger.java:159) ==> Parameters: null, 123(String), 123(String), null
2018-09-15 16:21:29 DEBUG --- [main] (LogFactory.java:135) Logging initialized using 'class org.apache.ibatis.logging.slf4j.Slf4jImpl' adapter.
2018-09-15 16:21:29 DEBUG --- [main] (JdbcTransaction.java:137) Opening JDBC Connection
2018-09-15 16:21:29 DEBUG --- [main] (JdbcTransaction.java:101) Setting autocommit to false on JDBC Connection [HikariProxyConnection@1807015220 wrapping com.mysql.cj.jdbc.ConnectionImpl@7d9f158f]
2018-09-15 16:21:29 DEBUG --- [main] (BaseJdbcLogger.java:159) ==>  Preparing: insert into user (id, username, password, avatar) values (?, ?, ?, ?) 
2018-09-15 16:21:29 DEBUG --- [main] (BaseJdbcLogger.java:159) ==> Parameters: null, 123(String), 123(String), null
2018-09-15 16:23:32 DEBUG --- [main] (LogFactory.java:135) Logging initialized using 'class org.apache.ibatis.logging.slf4j.Slf4jImpl' adapter.
2018-09-15 16:23:32 DEBUG --- [main] (JdbcTransaction.java:137) Opening JDBC Connection
2018-09-15 16:23:32 DEBUG --- [main] (JdbcTransaction.java:101) Setting autocommit to false on JDBC Connection [HikariProxyConnection@1358343316 wrapping com.mysql.cj.jdbc.ConnectionImpl@6cc4cdb9]
2018-09-15 16:23:32 DEBUG --- [main] (BaseJdbcLogger.java:159) ==>  Preparing: insert into user (id, username, password, avatar) values (?, ?, ?, ?) 
2018-09-15 16:23:33 DEBUG --- [main] (BaseJdbcLogger.java:159) ==> Parameters: 1233(Long), 1233(String), 123(String), null
2018-09-15 16:23:33 DEBUG --- [main] (BaseJdbcLogger.java:159) <==    Updates: 1
2018-09-15 16:23:41 DEBUG --- [main] (LogFactory.java:135) Logging initialized using 'class org.apache.ibatis.logging.slf4j.Slf4jImpl' adapter.
2018-09-15 16:23:41 DEBUG --- [main] (JdbcTransaction.java:137) Opening JDBC Connection
2018-09-15 16:23:41 DEBUG --- [main] (JdbcTransaction.java:101) Setting autocommit to false on JDBC Connection [HikariProxyConnection@1358343316 wrapping com.mysql.cj.jdbc.ConnectionImpl@6cc4cdb9]
2018-09-15 16:23:41 DEBUG --- [main] (BaseJdbcLogger.java:159) ==>  Preparing: insert into user (id, username, password, avatar) values (?, ?, ?, ?) 
2018-09-15 16:23:41 DEBUG --- [main] (BaseJdbcLogger.java:159) ==> Parameters: 1233(Long), 1233(String), 123(String), null
2018-09-15 16:23:41 DEBUG --- [main] (BaseJdbcLogger.java:159) <==    Updates: 1
2018-09-15 16:23:41 DEBUG --- [main] (JdbcTransaction.java:70) Committing JDBC Connection [HikariProxyConnection@1358343316 wrapping com.mysql.cj.jdbc.ConnectionImpl@6cc4cdb9]
2018-09-16 00:50:55 DEBUG --- [main] (LogFactory.java:135) Logging initialized using 'class org.apache.ibatis.logging.slf4j.Slf4jImpl' adapter.
2018-09-16 00:50:55 DEBUG --- [main] (JdbcTransaction.java:137) Opening JDBC Connection
2018-09-16 00:50:55 DEBUG --- [main] (JdbcTransaction.java:101) Setting autocommit to false on JDBC Connection [HikariProxyConnection@2107577743 wrapping com.mysql.cj.jdbc.ConnectionImpl@45efd90f]
2018-09-16 00:50:55 DEBUG --- [main] (BaseJdbcLogger.java:159) ==>  Preparing: select * form session where session_id = ? 
2018-09-16 00:50:55 DEBUG --- [main] (BaseJdbcLogger.java:159) ==> Parameters: 123(String)
2018-09-16 00:51:15 DEBUG --- [main] (LogFactory.java:135) Logging initialized using 'class org.apache.ibatis.logging.slf4j.Slf4jImpl' adapter.
2018-09-16 00:51:16 DEBUG --- [main] (JdbcTransaction.java:137) Opening JDBC Connection
2018-09-16 00:51:16 DEBUG --- [main] (JdbcTransaction.java:101) Setting autocommit to false on JDBC Connection [HikariProxyConnection@2107577743 wrapping com.mysql.cj.jdbc.ConnectionImpl@45efd90f]
2018-09-16 00:51:16 DEBUG --- [main] (BaseJdbcLogger.java:159) ==>  Preparing: select * from session where session_id = ? 
2018-09-16 00:51:16 DEBUG --- [main] (BaseJdbcLogger.java:159) ==> Parameters: 123(String)
2018-09-16 00:51:16 DEBUG --- [main] (BaseJdbcLogger.java:159) <==      Total: 0
2018-09-16 01:23:39 DEBUG --- [Restlet-985655350] (LogFactory.java:135) Logging initialized using 'class org.apache.ibatis.logging.slf4j.Slf4jImpl' adapter.
2018-09-16 01:23:39 DEBUG --- [Restlet-985655350] (JdbcTransaction.java:137) Opening JDBC Connection
2018-09-16 01:23:39 DEBUG --- [Restlet-985655350] (JdbcTransaction.java:101) Setting autocommit to false on JDBC Connection [HikariProxyConnection@765540211 wrapping com.mysql.cj.jdbc.ConnectionImpl@57d164d3]
2018-09-16 01:23:39 DEBUG --- [Restlet-985655350] (BaseJdbcLogger.java:159) ==>  Preparing: select * from session where session_id = ?; 
2018-09-16 01:23:39 DEBUG --- [Restlet-985655350] (BaseJdbcLogger.java:159) ==> Parameters: null
2018-09-16 01:23:39 DEBUG --- [Restlet-985655350] (BaseJdbcLogger.java:159) <==      Total: 0
2018-09-16 01:25:37 DEBUG --- [Restlet-985655350] (LogFactory.java:135) Logging initialized using 'class org.apache.ibatis.logging.slf4j.Slf4jImpl' adapter.
2018-09-16 01:25:37 DEBUG --- [Restlet-985655350] (JdbcTransaction.java:137) Opening JDBC Connection
2018-09-16 01:25:37 DEBUG --- [Restlet-985655350] (JdbcTransaction.java:101) Setting autocommit to false on JDBC Connection [HikariProxyConnection@740776880 wrapping com.mysql.cj.jdbc.ConnectionImpl@f03e891]
2018-09-16 01:25:37 DEBUG --- [Restlet-985655350] (BaseJdbcLogger.java:159) ==>  Preparing: select * from session where session_id = ?; 
2018-09-16 01:25:37 DEBUG --- [Restlet-985655350] (BaseJdbcLogger.java:159) ==> Parameters: null
2018-09-16 01:25:37 DEBUG --- [Restlet-985655350] (BaseJdbcLogger.java:159) <==      Total: 0
2018-09-16 01:25:37 DEBUG --- [Restlet-985655350] (JdbcTransaction.java:123) Resetting autocommit to true on JDBC Connection [HikariProxyConnection@740776880 wrapping com.mysql.cj.jdbc.ConnectionImpl@f03e891]
2018-09-16 01:25:37 DEBUG --- [Restlet-985655350] (JdbcTransaction.java:91) Closing JDBC Connection [HikariProxyConnection@740776880 wrapping com.mysql.cj.jdbc.ConnectionImpl@f03e891]
2018-09-16 01:28:04 DEBUG --- [Restlet-985655350] (LogFactory.java:135) Logging initialized using 'class org.apache.ibatis.logging.slf4j.Slf4jImpl' adapter.
2018-09-16 01:28:04 DEBUG --- [Restlet-985655350] (JdbcTransaction.java:137) Opening JDBC Connection
2018-09-16 01:28:04 DEBUG --- [Restlet-985655350] (JdbcTransaction.java:101) Setting autocommit to false on JDBC Connection [HikariProxyConnection@1005233333 wrapping com.mysql.cj.jdbc.ConnectionImpl@3df53287]
2018-09-16 01:28:04 DEBUG --- [Restlet-985655350] (BaseJdbcLogger.java:159) ==>  Preparing: select * from session where session_id = ?; 
2018-09-16 01:28:04 DEBUG --- [Restlet-985655350] (BaseJdbcLogger.java:159) ==> Parameters: null
2018-09-16 01:28:04 DEBUG --- [Restlet-985655350] (BaseJdbcLogger.java:159) <==      Total: 0
2018-09-16 01:28:10 DEBUG --- [Restlet-985655350] (JdbcTransaction.java:137) Opening JDBC Connection
2018-09-16 01:28:10 DEBUG --- [Restlet-985655350] (JdbcTransaction.java:101) Setting autocommit to false on JDBC Connection [HikariProxyConnection@1695048619 wrapping com.mysql.cj.jdbc.ConnectionImpl@4702282a]
2018-09-16 01:28:10 DEBUG --- [Restlet-985655350] (BaseJdbcLogger.java:159) ==>  Preparing: select * from session where session_id = ?; 
2018-09-16 01:28:10 DEBUG --- [Restlet-985655350] (BaseJdbcLogger.java:159) ==> Parameters: null
2018-09-16 01:28:10 DEBUG --- [Restlet-985655350] (BaseJdbcLogger.java:159) <==      Total: 0
2018-09-16 01:29:58 DEBUG --- [Restlet-985655350] (LogFactory.java:135) Logging initialized using 'class org.apache.ibatis.logging.slf4j.Slf4jImpl' adapter.
2018-09-16 01:29:59 DEBUG --- [Restlet-985655350] (JdbcTransaction.java:137) Opening JDBC Connection
2018-09-16 01:29:59 DEBUG --- [Restlet-985655350] (JdbcTransaction.java:101) Setting autocommit to false on JDBC Connection [HikariProxyConnection@1872348851 wrapping com.mysql.cj.jdbc.ConnectionImpl@2857ce6f]
2018-09-16 01:29:59 DEBUG --- [Restlet-985655350] (BaseJdbcLogger.java:159) ==>  Preparing: select * from session where session_id = ?; 
2018-09-16 01:29:59 DEBUG --- [Restlet-985655350] (BaseJdbcLogger.java:159) ==> Parameters: null
2018-09-16 01:29:59 DEBUG --- [Restlet-985655350] (BaseJdbcLogger.java:159) <==      Total: 0
2018-09-16 01:32:41 DEBUG --- [Restlet-985655350] (LogFactory.java:135) Logging initialized using 'class org.apache.ibatis.logging.slf4j.Slf4jImpl' adapter.
2018-09-16 01:32:41 DEBUG --- [Restlet-985655350] (JdbcTransaction.java:137) Opening JDBC Connection
2018-09-16 01:32:41 DEBUG --- [Restlet-985655350] (JdbcTransaction.java:101) Setting autocommit to false on JDBC Connection [HikariProxyConnection@1713269311 wrapping com.mysql.cj.jdbc.ConnectionImpl@2efd539]
2018-09-16 01:32:41 DEBUG --- [Restlet-985655350] (BaseJdbcLogger.java:159) ==>  Preparing: select * from session where session_id = ?; 
2018-09-16 01:32:41 DEBUG --- [Restlet-985655350] (BaseJdbcLogger.java:159) ==> Parameters: null
2018-09-16 01:32:41 DEBUG --- [Restlet-985655350] (BaseJdbcLogger.java:159) <==      Total: 0
2018-09-16 11:24:50 DEBUG --- [main] (LogFactory.java:135) Logging initialized using 'class org.apache.ibatis.logging.slf4j.Slf4jImpl' adapter.
2018-09-16 11:24:50 DEBUG --- [main] (JdbcTransaction.java:137) Opening JDBC Connection
2018-09-16 11:24:50 DEBUG --- [main] (JdbcTransaction.java:101) Setting autocommit to false on JDBC Connection [HikariProxyConnection@567294307 wrapping com.mysql.cj.jdbc.ConnectionImpl@1f760b47]
2018-09-16 11:24:50 DEBUG --- [main] (BaseJdbcLogger.java:159) ==>  Preparing: insert into session (session_id, user_id, deadline) values (?, ?, ?); 
2018-09-16 11:24:50 DEBUG --- [main] (BaseJdbcLogger.java:159) ==> Parameters: 307bb496-6fbc-40fd-8373-03975a7a116e(String), null, 2018-10-01 11:24:50.482(Timestamp)
2018-09-16 11:24:50 DEBUG --- [main] (BaseJdbcLogger.java:159) <==    Updates: 1
2018-09-16 11:26:01 DEBUG --- [main] (LogFactory.java:135) Logging initialized using 'class org.apache.ibatis.logging.slf4j.Slf4jImpl' adapter.
2018-09-16 11:26:02 DEBUG --- [main] (JdbcTransaction.java:137) Opening JDBC Connection
2018-09-16 11:26:02 DEBUG --- [main] (JdbcTransaction.java:101) Setting autocommit to false on JDBC Connection [HikariProxyConnection@567294307 wrapping com.mysql.cj.jdbc.ConnectionImpl@1f760b47]
2018-09-16 11:26:02 DEBUG --- [main] (BaseJdbcLogger.java:159) ==>  Preparing: insert into session (session_id, user_id, deadline) values (?, ?, ?); 
2018-09-16 11:26:02 DEBUG --- [main] (BaseJdbcLogger.java:159) ==> Parameters: 19f52fbf-9c17-4914-8425-92026f333a09(String), null, 2018-10-01 11:26:02.052(Timestamp)
2018-09-16 11:26:02 DEBUG --- [main] (BaseJdbcLogger.java:159) <==    Updates: 1
2018-09-16 11:26:02 DEBUG --- [main] (JdbcTransaction.java:70) Committing JDBC Connection [HikariProxyConnection@567294307 wrapping com.mysql.cj.jdbc.ConnectionImpl@1f760b47]
2018-09-16 11:29:59 DEBUG --- [Restlet-1761061602] (LogFactory.java:135) Logging initialized using 'class org.apache.ibatis.logging.slf4j.Slf4jImpl' adapter.
2018-09-16 11:29:59 DEBUG --- [Restlet-1761061602] (JdbcTransaction.java:137) Opening JDBC Connection
2018-09-16 11:29:59 DEBUG --- [Restlet-1761061602] (JdbcTransaction.java:101) Setting autocommit to false on JDBC Connection [HikariProxyConnection@617424993 wrapping com.mysql.cj.jdbc.ConnectionImpl@46932de6]
2018-09-16 11:29:59 DEBUG --- [Restlet-1761061602] (BaseJdbcLogger.java:159) ==>  Preparing: select * from session where session_id = ?; 
2018-09-16 11:29:59 DEBUG --- [Restlet-1761061602] (BaseJdbcLogger.java:159) ==> Parameters: 19f52fbf-9c17-4914-8425-92026f333a09(String)
2018-09-16 11:29:59 DEBUG --- [Restlet-1761061602] (BaseJdbcLogger.java:159) <==      Total: 1
2018-09-16 11:30:38 DEBUG --- [Restlet-1761061602] (JdbcTransaction.java:137) Opening JDBC Connection
2018-09-16 11:30:38 DEBUG --- [Restlet-1761061602] (JdbcTransaction.java:101) Setting autocommit to false on JDBC Connection [HikariProxyConnection@1194121942 wrapping com.mysql.cj.jdbc.ConnectionImpl@7b7f7d15]
2018-09-16 11:30:38 DEBUG --- [Restlet-1761061602] (BaseJdbcLogger.java:159) ==>  Preparing: select * from session where session_id = ?; 
2018-09-16 11:30:38 DEBUG --- [Restlet-1761061602] (BaseJdbcLogger.java:159) ==> Parameters: 19f52fbf-9c17-4914-8425-92026f333a09(String)
2018-09-16 11:30:38 DEBUG --- [Restlet-1761061602] (BaseJdbcLogger.java:159) <==      Total: 1
2018-09-16 11:30:42 DEBUG --- [Restlet-1761061602] (JdbcTransaction.java:137) Opening JDBC Connection
2018-09-16 11:30:42 DEBUG --- [Restlet-1761061602] (JdbcTransaction.java:101) Setting autocommit to false on JDBC Connection [HikariProxyConnection@677452831 wrapping com.mysql.cj.jdbc.ConnectionImpl@28765bd3]
2018-09-16 11:30:42 DEBUG --- [Restlet-1761061602] (BaseJdbcLogger.java:159) ==>  Preparing: select * from session where session_id = ?; 
2018-09-16 11:30:42 DEBUG --- [Restlet-1761061602] (BaseJdbcLogger.java:159) ==> Parameters: 19f52fbf-9c17-4914-8425-92026f333a09(String)
2018-09-16 11:30:42 DEBUG --- [Restlet-1761061602] (BaseJdbcLogger.java:159) <==      Total: 1
2018-09-16 11:32:31 DEBUG --- [Restlet-1761061602] (LogFactory.java:135) Logging initialized using 'class org.apache.ibatis.logging.slf4j.Slf4jImpl' adapter.
2018-09-16 11:32:31 DEBUG --- [Restlet-1761061602] (JdbcTransaction.java:137) Opening JDBC Connection
2018-09-16 11:32:31 DEBUG --- [Restlet-1761061602] (JdbcTransaction.java:101) Setting autocommit to false on JDBC Connection [HikariProxyConnection@1454574921 wrapping com.mysql.cj.jdbc.ConnectionImpl@6076f1e]
2018-09-16 11:32:31 DEBUG --- [Restlet-1761061602] (BaseJdbcLogger.java:159) ==>  Preparing: select * from session where session_id = ?; 
2018-09-16 11:32:31 DEBUG --- [Restlet-1761061602] (BaseJdbcLogger.java:159) ==> Parameters: 19f52fbf-9c17-4914-8425-92026f333a09(String)
2018-09-16 11:32:31 DEBUG --- [Restlet-1761061602] (BaseJdbcLogger.java:159) <==      Total: 1
2018-09-16 11:34:10 DEBUG --- [Restlet-1761061602] (LogFactory.java:135) Logging initialized using 'class org.apache.ibatis.logging.slf4j.Slf4jImpl' adapter.
2018-09-16 11:34:10 DEBUG --- [Restlet-1761061602] (JdbcTransaction.java:137) Opening JDBC Connection
2018-09-16 11:34:10 DEBUG --- [Restlet-1761061602] (JdbcTransaction.java:101) Setting autocommit to false on JDBC Connection [HikariProxyConnection@73427159 wrapping com.mysql.cj.jdbc.ConnectionImpl@1b6cf66f]
2018-09-16 11:34:10 DEBUG --- [Restlet-1761061602] (BaseJdbcLogger.java:159) ==>  Preparing: select * from session where session_id = ?; 
2018-09-16 11:34:10 DEBUG --- [Restlet-1761061602] (BaseJdbcLogger.java:159) ==> Parameters: 19f52fbf-9c17-4914-8425-92026f333a09(String)
2018-09-16 11:34:10 DEBUG --- [Restlet-1761061602] (BaseJdbcLogger.java:159) <==      Total: 1
2018-09-16 11:34:16 DEBUG --- [Restlet-1761061602] (JdbcTransaction.java:137) Opening JDBC Connection
2018-09-16 11:34:16 DEBUG --- [Restlet-1761061602] (JdbcTransaction.java:101) Setting autocommit to false on JDBC Connection [HikariProxyConnection@1106803112 wrapping com.mysql.cj.jdbc.ConnectionImpl@7a3da57e]
2018-09-16 11:34:16 DEBUG --- [Restlet-1761061602] (BaseJdbcLogger.java:159) ==>  Preparing: select * from session where session_id = ?; 
2018-09-16 11:34:16 DEBUG --- [Restlet-1761061602] (BaseJdbcLogger.java:159) ==> Parameters: 19f52fbf-9c17-4914-8425-92026f333a09(String)
2018-09-16 11:34:16 DEBUG --- [Restlet-1761061602] (BaseJdbcLogger.java:159) <==      Total: 1
2018-09-16 11:34:16 DEBUG --- [Restlet-1761061602] (JdbcTransaction.java:137) Opening JDBC Connection
2018-09-16 11:34:16 DEBUG --- [Restlet-1761061602] (JdbcTransaction.java:101) Setting autocommit to false on JDBC Connection [HikariProxyConnection@378092408 wrapping com.mysql.cj.jdbc.ConnectionImpl@1087a82]
2018-09-16 11:34:16 DEBUG --- [Restlet-1761061602] (BaseJdbcLogger.java:159) ==>  Preparing: select id from user where id = ? 
2018-09-16 11:34:16 DEBUG --- [Restlet-1761061602] (BaseJdbcLogger.java:159) ==> Parameters: 123(Long)
2018-09-16 11:34:16 DEBUG --- [Restlet-1761061602] (BaseJdbcLogger.java:159) <==      Total: 1
2018-09-16 11:39:41 DEBUG --- [Restlet-1761061602] (LogFactory.java:135) Logging initialized using 'class org.apache.ibatis.logging.slf4j.Slf4jImpl' adapter.
2018-09-16 11:39:41 DEBUG --- [Restlet-1761061602] (JdbcTransaction.java:137) Opening JDBC Connection
2018-09-16 11:39:41 DEBUG --- [Restlet-1761061602] (JdbcTransaction.java:101) Setting autocommit to false on JDBC Connection [HikariProxyConnection@905362033 wrapping com.mysql.cj.jdbc.ConnectionImpl@3fb5d13e]
2018-09-16 11:39:41 DEBUG --- [Restlet-1761061602] (BaseJdbcLogger.java:159) ==>  Preparing: select * from session where session_id = ?; 
2018-09-16 11:39:41 DEBUG --- [Restlet-1761061602] (BaseJdbcLogger.java:159) ==> Parameters: 19f52fbf-9c17-4914-8425-92026f333a09(String)
2018-09-16 11:39:41 DEBUG --- [Restlet-1761061602] (BaseJdbcLogger.java:159) <==      Total: 1
2018-09-16 11:39:41 DEBUG --- [Restlet-1761061602] (JdbcTransaction.java:137) Opening JDBC Connection
2018-09-16 11:39:41 DEBUG --- [Restlet-1761061602] (JdbcTransaction.java:101) Setting autocommit to false on JDBC Connection [HikariProxyConnection@1531805931 wrapping com.mysql.cj.jdbc.ConnectionImpl@2a2cabf7]
2018-09-16 11:39:41 DEBUG --- [Restlet-1761061602] (BaseJdbcLogger.java:159) ==>  Preparing: select id from user where id = ? 
2018-09-16 11:39:41 DEBUG --- [Restlet-1761061602] (BaseJdbcLogger.java:159) ==> Parameters: 123(Long)
2018-09-16 11:39:41 DEBUG --- [Restlet-1761061602] (BaseJdbcLogger.java:159) <==      Total: 1
2018-09-16 17:56:54 DEBUG --- [Restlet-1761061602] (LogFactory.java:135) Logging initialized using 'class org.apache.ibatis.logging.slf4j.Slf4jImpl' adapter.
2018-09-16 18:10:19 DEBUG --- [Restlet-1761061602] (LogFactory.java:135) Logging initialized using 'class org.apache.ibatis.logging.slf4j.Slf4jImpl' adapter.
2018-09-16 18:10:19 DEBUG --- [Restlet-1761061602] (JdbcTransaction.java:137) Opening JDBC Connection
2018-09-16 18:10:19 DEBUG --- [Restlet-1761061602] (JdbcTransaction.java:101) Setting autocommit to false on JDBC Connection [HikariProxyConnection@1901019832 wrapping com.mysql.cj.jdbc.ConnectionImpl@57177729]
2018-09-16 18:10:19 DEBUG --- [Restlet-1761061602] (BaseJdbcLogger.java:159) ==>  Preparing: insert into session (session_id, user_id, deadline) values (?, ?, ?); 
2018-09-16 18:10:19 DEBUG --- [Restlet-1761061602] (BaseJdbcLogger.java:159) ==> Parameters: 3e77655a-6ac1-400b-9bfe-0c523a729605(String), null, 2018-10-01 18:10:19.533(Timestamp)
2018-09-16 18:10:19 DEBUG --- [Restlet-1761061602] (BaseJdbcLogger.java:159) <==    Updates: 1
2018-09-16 18:10:19 DEBUG --- [Restlet-1761061602] (JdbcTransaction.java:70) Committing JDBC Connection [HikariProxyConnection@1901019832 wrapping com.mysql.cj.jdbc.ConnectionImpl@57177729]
2018-09-16 18:11:01 DEBUG --- [Restlet-1761061602] (JdbcTransaction.java:137) Opening JDBC Connection
2018-09-16 18:11:01 DEBUG --- [Restlet-1761061602] (JdbcTransaction.java:101) Setting autocommit to false on JDBC Connection [HikariProxyConnection@1412104782 wrapping com.mysql.cj.jdbc.ConnectionImpl@11a4f2a7]
2018-09-16 18:11:01 DEBUG --- [Restlet-1761061602] (BaseJdbcLogger.java:159) ==>  Preparing: select * from session where session_id = ?; 
2018-09-16 18:11:01 DEBUG --- [Restlet-1761061602] (BaseJdbcLogger.java:159) ==> Parameters: 3e77655a-6ac1-400b-9bfe-0c523a729605(String)
2018-09-16 18:11:01 DEBUG --- [Restlet-1761061602] (BaseJdbcLogger.java:159) <==      Total: 1
2018-09-16 18:11:01 DEBUG --- [Restlet-1761061602] (JdbcTransaction.java:137) Opening JDBC Connection
2018-09-16 18:11:01 DEBUG --- [Restlet-1761061602] (JdbcTransaction.java:101) Setting autocommit to false on JDBC Connection [HikariProxyConnection@1224506403 wrapping com.mysql.cj.jdbc.ConnectionImpl@511678ee]
2018-09-16 18:11:01 DEBUG --- [Restlet-1761061602] (BaseJdbcLogger.java:159) ==>  Preparing: delete from session where session_id = ?; 
2018-09-16 18:11:01 DEBUG --- [Restlet-1761061602] (BaseJdbcLogger.java:159) ==> Parameters: null
2018-09-16 18:11:01 DEBUG --- [Restlet-1761061602] (BaseJdbcLogger.java:159) <==    Updates: 0
2018-09-16 18:11:01 DEBUG --- [Restlet-1761061602] (BaseJdbcLogger.java:159) ==>  Preparing: insert into session (session_id, user_id, deadline) values (?, ?, ?); 
2018-09-16 18:11:01 DEBUG --- [Restlet-1761061602] (BaseJdbcLogger.java:159) ==> Parameters: 96e86fc7-c584-4f9b-bee0-ebc86356b329(String), null, 2018-10-01 18:11:01.228(Timestamp)
2018-09-16 18:11:01 DEBUG --- [Restlet-1761061602] (BaseJdbcLogger.java:159) <==    Updates: 1
2018-09-16 18:11:01 DEBUG --- [Restlet-1761061602] (JdbcTransaction.java:70) Committing JDBC Connection [HikariProxyConnection@1224506403 wrapping com.mysql.cj.jdbc.ConnectionImpl@511678ee]
2018-09-16 18:13:36 DEBUG --- [Restlet-1761061602] (JdbcTransaction.java:137) Opening JDBC Connection
2018-09-16 18:13:36 DEBUG --- [Restlet-1761061602] (JdbcTransaction.java:101) Setting autocommit to false on JDBC Connection [HikariProxyConnection@1917854378 wrapping com.mysql.cj.jdbc.ConnectionImpl@11321a54]
2018-09-16 18:13:36 DEBUG --- [Restlet-1761061602] (BaseJdbcLogger.java:159) ==>  Preparing: select * from session where session_id = ?; 
2018-09-16 18:13:36 DEBUG --- [Restlet-1761061602] (BaseJdbcLogger.java:159) ==> Parameters: 3e77655a-6ac1-400b-9bfe-0c523a729605(String)
2018-09-16 18:13:36 DEBUG --- [Restlet-1761061602] (BaseJdbcLogger.java:159) <==      Total: 1
2018-09-16 18:13:36 DEBUG --- [Restlet-1761061602] (JdbcTransaction.java:137) Opening JDBC Connection
2018-09-16 18:13:36 DEBUG --- [Restlet-1761061602] (JdbcTransaction.java:101) Setting autocommit to false on JDBC Connection [HikariProxyConnection@166582656 wrapping com.mysql.cj.jdbc.ConnectionImpl@7a5bef65]
2018-09-16 18:13:36 DEBUG --- [Restlet-1761061602] (BaseJdbcLogger.java:159) ==>  Preparing: delete from session where session_id = ?; 
2018-09-16 18:13:36 DEBUG --- [Restlet-1761061602] (BaseJdbcLogger.java:159) ==> Parameters: null
2018-09-16 18:13:36 DEBUG --- [Restlet-1761061602] (BaseJdbcLogger.java:159) <==    Updates: 0
2018-09-16 18:13:36 DEBUG --- [Restlet-1761061602] (BaseJdbcLogger.java:159) ==>  Preparing: insert into session (session_id, user_id, deadline) values (?, ?, ?); 
2018-09-16 18:13:36 DEBUG --- [Restlet-1761061602] (BaseJdbcLogger.java:159) ==> Parameters: 337758cd-4d84-4e75-91fb-a6112c21173b(String), null, 2018-10-01 18:13:36.606(Timestamp)
2018-09-16 18:13:36 DEBUG --- [Restlet-1761061602] (BaseJdbcLogger.java:159) <==    Updates: 1
2018-09-16 18:13:36 DEBUG --- [Restlet-1761061602] (JdbcTransaction.java:70) Committing JDBC Connection [HikariProxyConnection@166582656 wrapping com.mysql.cj.jdbc.ConnectionImpl@7a5bef65]
2018-09-16 18:13:52 DEBUG --- [Restlet-1946403944] (LogFactory.java:135) Logging initialized using 'class org.apache.ibatis.logging.slf4j.Slf4jImpl' adapter.
2018-09-16 18:13:52 DEBUG --- [Restlet-1946403944] (JdbcTransaction.java:137) Opening JDBC Connection
2018-09-16 18:13:52 DEBUG --- [Restlet-1946403944] (JdbcTransaction.java:101) Setting autocommit to false on JDBC Connection [HikariProxyConnection@1281462175 wrapping com.mysql.cj.jdbc.ConnectionImpl@45da7b73]
2018-09-16 18:13:52 DEBUG --- [Restlet-1946403944] (BaseJdbcLogger.java:159) ==>  Preparing: select * from session where session_id = ?; 
2018-09-16 18:13:52 DEBUG --- [Restlet-1946403944] (BaseJdbcLogger.java:159) ==> Parameters: 3e77655a-6ac1-400b-9bfe-0c523a729605(String)
2018-09-16 18:13:52 DEBUG --- [Restlet-1946403944] (BaseJdbcLogger.java:159) <==      Total: 1
2018-09-16 18:13:52 DEBUG --- [Restlet-1946403944] (JdbcTransaction.java:137) Opening JDBC Connection
2018-09-16 18:13:52 DEBUG --- [Restlet-1946403944] (JdbcTransaction.java:101) Setting autocommit to false on JDBC Connection [HikariProxyConnection@1629506179 wrapping com.mysql.cj.jdbc.ConnectionImpl@1832a8d8]
2018-09-16 18:13:52 DEBUG --- [Restlet-1946403944] (BaseJdbcLogger.java:159) ==>  Preparing: delete from session where session_id = ?; 
2018-09-16 18:13:52 DEBUG --- [Restlet-1946403944] (BaseJdbcLogger.java:159) ==> Parameters: null
2018-09-16 18:13:52 DEBUG --- [Restlet-1946403944] (BaseJdbcLogger.java:159) <==    Updates: 0
2018-09-16 18:13:52 DEBUG --- [Restlet-1946403944] (BaseJdbcLogger.java:159) ==>  Preparing: insert into session (session_id, user_id, deadline) values (?, ?, ?); 
2018-09-16 18:13:52 DEBUG --- [Restlet-1946403944] (BaseJdbcLogger.java:159) ==> Parameters: b34b5418-eeb4-4aa5-81de-8bdfc7539e50(String), null, 2018-10-01 18:13:52.887(Timestamp)
2018-09-16 18:13:52 DEBUG --- [Restlet-1946403944] (BaseJdbcLogger.java:159) <==    Updates: 1
2018-09-16 18:13:52 DEBUG --- [Restlet-1946403944] (JdbcTransaction.java:70) Committing JDBC Connection [HikariProxyConnection@1629506179 wrapping com.mysql.cj.jdbc.ConnectionImpl@1832a8d8]
2018-09-16 18:14:20 DEBUG --- [Restlet-1946403944] (JdbcTransaction.java:137) Opening JDBC Connection
2018-09-16 18:14:20 DEBUG --- [Restlet-1946403944] (JdbcTransaction.java:101) Setting autocommit to false on JDBC Connection [HikariProxyConnection@1646961859 wrapping com.mysql.cj.jdbc.ConnectionImpl@7d439fa8]
2018-09-16 18:14:20 DEBUG --- [Restlet-1946403944] (BaseJdbcLogger.java:159) ==>  Preparing: select * from session where session_id = ?; 
2018-09-16 18:14:20 DEBUG --- [Restlet-1946403944] (BaseJdbcLogger.java:159) ==> Parameters: 3e77655a-6ac1-400b-9bfe-0c523a729605(String)
2018-09-16 18:14:20 DEBUG --- [Restlet-1946403944] (BaseJdbcLogger.java:159) <==      Total: 1
2018-09-16 18:16:11 DEBUG --- [Restlet-1946403944] (JdbcTransaction.java:137) Opening JDBC Connection
2018-09-16 18:16:11 DEBUG --- [Restlet-1946403944] (JdbcTransaction.java:101) Setting autocommit to false on JDBC Connection [HikariProxyConnection@1686476286 wrapping com.mysql.cj.jdbc.ConnectionImpl@53be2911]
2018-09-16 18:16:11 DEBUG --- [Restlet-1946403944] (BaseJdbcLogger.java:159) ==>  Preparing: delete from session where session_id = ?; 
2018-09-16 18:16:11 DEBUG --- [Restlet-1946403944] (BaseJdbcLogger.java:159) ==> Parameters: null
2018-09-16 18:16:11 DEBUG --- [Restlet-1946403944] (BaseJdbcLogger.java:159) <==    Updates: 0
2018-09-16 18:16:11 DEBUG --- [Restlet-1946403944] (BaseJdbcLogger.java:159) ==>  Preparing: insert into session (session_id, user_id, deadline) values (?, ?, ?); 
2018-09-16 18:16:11 DEBUG --- [Restlet-1946403944] (BaseJdbcLogger.java:159) ==> Parameters: 2a81d6dc-8d8c-4ced-b924-c5b48ceeef86(String), null, 2018-10-01 18:16:11.267(Timestamp)
2018-09-16 18:16:11 DEBUG --- [Restlet-1946403944] (BaseJdbcLogger.java:159) <==    Updates: 1
2018-09-16 18:16:11 DEBUG --- [Restlet-1946403944] (JdbcTransaction.java:70) Committing JDBC Connection [HikariProxyConnection@1686476286 wrapping com.mysql.cj.jdbc.ConnectionImpl@53be2911]
2018-09-16 18:16:36 DEBUG --- [Restlet-1946403944] (JdbcTransaction.java:137) Opening JDBC Connection
2018-09-16 18:16:36 DEBUG --- [Restlet-1946403944] (JdbcTransaction.java:101) Setting autocommit to false on JDBC Connection [HikariProxyConnection@1722340327 wrapping com.mysql.cj.jdbc.ConnectionImpl@69e654af]
2018-09-16 18:16:36 DEBUG --- [Restlet-1946403944] (BaseJdbcLogger.java:159) ==>  Preparing: select * from session where session_id = ?; 
2018-09-16 18:16:36 DEBUG --- [Restlet-1946403944] (BaseJdbcLogger.java:159) ==> Parameters: 3e77655a-6ac1-400b-9bfe-0c523a729605(String)
2018-09-16 18:16:36 DEBUG --- [Restlet-1946403944] (BaseJdbcLogger.java:159) <==      Total: 1
2018-09-16 18:17:42 DEBUG --- [Restlet-1946403944] (LogFactory.java:135) Logging initialized using 'class org.apache.ibatis.logging.slf4j.Slf4jImpl' adapter.
2018-09-16 18:17:48 DEBUG --- [Restlet-1946403944] (JdbcTransaction.java:137) Opening JDBC Connection
2018-09-16 18:17:48 DEBUG --- [Restlet-1946403944] (JdbcTransaction.java:101) Setting autocommit to false on JDBC Connection [HikariProxyConnection@1723689137 wrapping com.mysql.cj.jdbc.ConnectionImpl@1de98bcd]
2018-09-16 18:17:48 DEBUG --- [Restlet-1946403944] (BaseJdbcLogger.java:159) ==>  Preparing: select session_id, user_id, deadline from session where session_id = ?; 
2018-09-16 18:17:48 DEBUG --- [Restlet-1946403944] (BaseJdbcLogger.java:159) ==> Parameters: 3e77655a-6ac1-400b-9bfe-0c523a729605(String)
2018-09-16 18:17:48 DEBUG --- [Restlet-1946403944] (BaseJdbcLogger.java:159) <==      Total: 1
2018-09-16 18:19:20 DEBUG --- [Restlet-1946403944] (LogFactory.java:135) Logging initialized using 'class org.apache.ibatis.logging.slf4j.Slf4jImpl' adapter.
2018-09-16 18:19:25 DEBUG --- [Restlet-1946403944] (JdbcTransaction.java:137) Opening JDBC Connection
2018-09-16 18:19:25 DEBUG --- [Restlet-1946403944] (JdbcTransaction.java:101) Setting autocommit to false on JDBC Connection [HikariProxyConnection@50455543 wrapping com.mysql.cj.jdbc.ConnectionImpl@589b4806]
2018-09-16 18:19:25 DEBUG --- [Restlet-1946403944] (BaseJdbcLogger.java:159) ==>  Preparing: select session_id as sessionId, user_id as userId, deadline from session where session_id = ?; 
2018-09-16 18:19:25 DEBUG --- [Restlet-1946403944] (BaseJdbcLogger.java:159) ==> Parameters: 3e77655a-6ac1-400b-9bfe-0c523a729605(String)
2018-09-16 18:19:25 DEBUG --- [Restlet-1946403944] (BaseJdbcLogger.java:159) <==      Total: 1
2018-09-16 18:19:38 DEBUG --- [Restlet-1946403944] (JdbcTransaction.java:137) Opening JDBC Connection
2018-09-16 18:19:38 DEBUG --- [Restlet-1946403944] (JdbcTransaction.java:101) Setting autocommit to false on JDBC Connection [HikariProxyConnection@665813784 wrapping com.mysql.cj.jdbc.ConnectionImpl@4730a569]
2018-09-16 18:19:38 DEBUG --- [Restlet-1946403944] (BaseJdbcLogger.java:159) ==>  Preparing: delete from session where session_id = ?; 
2018-09-16 18:19:38 DEBUG --- [Restlet-1946403944] (BaseJdbcLogger.java:159) ==> Parameters: 3e77655a-6ac1-400b-9bfe-0c523a729605(String)
2018-09-16 18:19:38 DEBUG --- [Restlet-1946403944] (BaseJdbcLogger.java:159) <==    Updates: 1
2018-09-16 18:19:38 DEBUG --- [Restlet-1946403944] (BaseJdbcLogger.java:159) ==>  Preparing: insert into session (session_id, user_id, deadline) values (?, ?, ?); 
2018-09-16 18:19:38 DEBUG --- [Restlet-1946403944] (BaseJdbcLogger.java:159) ==> Parameters: a80628d1-973e-4734-a116-9fb966824a78(String), null, 2018-10-01 18:19:38.455(Timestamp)
2018-09-16 18:19:38 DEBUG --- [Restlet-1946403944] (BaseJdbcLogger.java:159) <==    Updates: 1
2018-09-16 18:19:38 DEBUG --- [Restlet-1946403944] (JdbcTransaction.java:70) Committing JDBC Connection [HikariProxyConnection@665813784 wrapping com.mysql.cj.jdbc.ConnectionImpl@4730a569]
2018-09-16 18:20:01 DEBUG --- [Restlet-1761061602] (LogFactory.java:135) Logging initialized using 'class org.apache.ibatis.logging.slf4j.Slf4jImpl' adapter.
2018-09-16 18:20:02 DEBUG --- [Restlet-1761061602] (JdbcTransaction.java:137) Opening JDBC Connection
2018-09-16 18:20:02 DEBUG --- [Restlet-1761061602] (JdbcTransaction.java:101) Setting autocommit to false on JDBC Connection [HikariProxyConnection@1771369352 wrapping com.mysql.cj.jdbc.ConnectionImpl@193e72]
2018-09-16 18:20:02 DEBUG --- [Restlet-1761061602] (BaseJdbcLogger.java:159) ==>  Preparing: select session_id as sessionId, user_id as userId, deadline from session where session_id = ?; 
2018-09-16 18:20:02 DEBUG --- [Restlet-1761061602] (BaseJdbcLogger.java:159) ==> Parameters: 3e77655a-6ac1-400b-9bfe-0c523a729605(String)
2018-09-16 18:20:02 DEBUG --- [Restlet-1761061602] (BaseJdbcLogger.java:159) <==      Total: 0
2018-09-16 18:20:08 DEBUG --- [Restlet-1761061602] (JdbcTransaction.java:137) Opening JDBC Connection
2018-09-16 18:20:08 DEBUG --- [Restlet-1761061602] (JdbcTransaction.java:101) Setting autocommit to false on JDBC Connection [HikariProxyConnection@2024188549 wrapping com.mysql.cj.jdbc.ConnectionImpl@1fd3b46d]
2018-09-16 18:20:08 DEBUG --- [Restlet-1761061602] (BaseJdbcLogger.java:159) ==>  Preparing: insert into session (session_id, user_id, deadline) values (?, ?, ?); 
2018-09-16 18:20:08 DEBUG --- [Restlet-1761061602] (BaseJdbcLogger.java:159) ==> Parameters: 2c444e23-28fb-49c4-84fa-ba9ee14979b7(String), null, 2018-10-01 18:20:08.303(Timestamp)
2018-09-16 18:20:08 DEBUG --- [Restlet-1761061602] (BaseJdbcLogger.java:159) <==    Updates: 1
2018-09-16 18:20:08 DEBUG --- [Restlet-1761061602] (JdbcTransaction.java:70) Committing JDBC Connection [HikariProxyConnection@2024188549 wrapping com.mysql.cj.jdbc.ConnectionImpl@1fd3b46d]
2018-09-16 18:20:17 DEBUG --- [Restlet-1761061602] (JdbcTransaction.java:137) Opening JDBC Connection
2018-09-16 18:20:17 DEBUG --- [Restlet-1761061602] (JdbcTransaction.java:101) Setting autocommit to false on JDBC Connection [HikariProxyConnection@543342625 wrapping com.mysql.cj.jdbc.ConnectionImpl@24e82102]
2018-09-16 18:20:17 DEBUG --- [Restlet-1761061602] (BaseJdbcLogger.java:159) ==>  Preparing: select session_id as sessionId, user_id as userId, deadline from session where session_id = ?; 
2018-09-16 18:20:17 DEBUG --- [Restlet-1761061602] (BaseJdbcLogger.java:159) ==> Parameters: 2c444e23-28fb-49c4-84fa-ba9ee14979b7(String)
2018-09-16 18:20:17 DEBUG --- [Restlet-1761061602] (BaseJdbcLogger.java:159) <==      Total: 1
2018-09-16 18:20:17 DEBUG --- [Restlet-1761061602] (JdbcTransaction.java:137) Opening JDBC Connection
2018-09-16 18:20:17 DEBUG --- [Restlet-1761061602] (JdbcTransaction.java:101) Setting autocommit to false on JDBC Connection [HikariProxyConnection@1982561055 wrapping com.mysql.cj.jdbc.ConnectionImpl@db4ec7e]
2018-09-16 18:20:17 DEBUG --- [Restlet-1761061602] (BaseJdbcLogger.java:159) ==>  Preparing: delete from session where session_id = ?; 
2018-09-16 18:20:17 DEBUG --- [Restlet-1761061602] (BaseJdbcLogger.java:159) ==> Parameters: 2c444e23-28fb-49c4-84fa-ba9ee14979b7(String)
2018-09-16 18:20:17 DEBUG --- [Restlet-1761061602] (BaseJdbcLogger.java:159) <==    Updates: 1
2018-09-16 18:20:17 DEBUG --- [Restlet-1761061602] (BaseJdbcLogger.java:159) ==>  Preparing: insert into session (session_id, user_id, deadline) values (?, ?, ?); 
2018-09-16 18:20:17 DEBUG --- [Restlet-1761061602] (BaseJdbcLogger.java:159) ==> Parameters: b6c21cc6-9613-4568-aed6-8c86e9d53e53(String), null, 2018-10-01 18:20:17.327(Timestamp)
2018-09-16 18:20:17 DEBUG --- [Restlet-1761061602] (BaseJdbcLogger.java:159) <==    Updates: 1
2018-09-16 18:20:17 DEBUG --- [Restlet-1761061602] (JdbcTransaction.java:70) Committing JDBC Connection [HikariProxyConnection@1982561055 wrapping com.mysql.cj.jdbc.ConnectionImpl@db4ec7e]
2018-09-16 18:20:35 DEBUG --- [Restlet-1761061602] (JdbcTransaction.java:137) Opening JDBC Connection
2018-09-16 18:20:35 DEBUG --- [Restlet-1761061602] (JdbcTransaction.java:101) Setting autocommit to false on JDBC Connection [HikariProxyConnection@1808952825 wrapping com.mysql.cj.jdbc.ConnectionImpl@20d0acfe]
2018-09-16 18:20:35 DEBUG --- [Restlet-1761061602] (BaseJdbcLogger.java:159) ==>  Preparing: select session_id as sessionId, user_id as userId, deadline from session where session_id = ?; 
2018-09-16 18:20:35 DEBUG --- [Restlet-1761061602] (BaseJdbcLogger.java:159) ==> Parameters: b6c21cc6-9613-4568-aed6-8c86e9d53e53(String)
2018-09-16 18:20:35 DEBUG --- [Restlet-1761061602] (BaseJdbcLogger.java:159) <==      Total: 1
2018-09-16 18:20:35 DEBUG --- [Restlet-1761061602] (JdbcTransaction.java:137) Opening JDBC Connection
2018-09-16 18:20:35 DEBUG --- [Restlet-1761061602] (JdbcTransaction.java:101) Setting autocommit to false on JDBC Connection [HikariProxyConnection@2126048208 wrapping com.mysql.cj.jdbc.ConnectionImpl@67dec5b]
2018-09-16 18:20:35 DEBUG --- [Restlet-1761061602] (BaseJdbcLogger.java:159) ==>  Preparing: delete from session where session_id = ?; 
2018-09-16 18:20:35 DEBUG --- [Restlet-1761061602] (BaseJdbcLogger.java:159) ==> Parameters: b6c21cc6-9613-4568-aed6-8c86e9d53e53(String)
2018-09-16 18:20:35 DEBUG --- [Restlet-1761061602] (BaseJdbcLogger.java:159) <==    Updates: 1
2018-09-16 18:20:35 DEBUG --- [Restlet-1761061602] (BaseJdbcLogger.java:159) ==>  Preparing: insert into session (session_id, user_id, deadline) values (?, ?, ?); 
2018-09-16 18:20:35 DEBUG --- [Restlet-1761061602] (BaseJdbcLogger.java:159) ==> Parameters: d74c5f21-2ace-4da1-b5df-33f5d4a6bf84(String), null, 2018-10-01 18:20:35.771(Timestamp)
2018-09-16 18:20:35 DEBUG --- [Restlet-1761061602] (BaseJdbcLogger.java:159) <==    Updates: 1
2018-09-16 18:20:35 DEBUG --- [Restlet-1761061602] (JdbcTransaction.java:70) Committing JDBC Connection [HikariProxyConnection@2126048208 wrapping com.mysql.cj.jdbc.ConnectionImpl@67dec5b]
2018-09-16 18:20:57 DEBUG --- [Restlet-1761061602] (JdbcTransaction.java:137) Opening JDBC Connection
2018-09-16 18:20:57 DEBUG --- [Restlet-1761061602] (JdbcTransaction.java:101) Setting autocommit to false on JDBC Connection [HikariProxyConnection@1184034016 wrapping com.mysql.cj.jdbc.ConnectionImpl@1d1f05a3]
2018-09-16 18:20:57 DEBUG --- [Restlet-1761061602] (BaseJdbcLogger.java:159) ==>  Preparing: select session_id as sessionId, user_id as userId, deadline from session where session_id = ?; 
2018-09-16 18:20:57 DEBUG --- [Restlet-1761061602] (BaseJdbcLogger.java:159) ==> Parameters: b6c21cc6-9613-4568-aed6-8c86e9d53e53(String)
2018-09-16 18:20:57 DEBUG --- [Restlet-1761061602] (BaseJdbcLogger.java:159) <==      Total: 0
2018-09-16 18:21:20 DEBUG --- [Restlet-1761061602] (JdbcTransaction.java:137) Opening JDBC Connection
2018-09-16 18:21:20 DEBUG --- [Restlet-1761061602] (JdbcTransaction.java:101) Setting autocommit to false on JDBC Connection [HikariProxyConnection@156914992 wrapping com.mysql.cj.jdbc.ConnectionImpl@6c8d6ba5]
2018-09-16 18:21:20 DEBUG --- [Restlet-1761061602] (BaseJdbcLogger.java:159) ==>  Preparing: select session_id as sessionId, user_id as userId, deadline from session where session_id = ?; 
2018-09-16 18:21:20 DEBUG --- [Restlet-1761061602] (BaseJdbcLogger.java:159) ==> Parameters: d74c5f21-2ace-4da1-b5df-33f5d4a6bf84(String)
2018-09-16 18:21:20 DEBUG --- [Restlet-1761061602] (BaseJdbcLogger.java:159) <==      Total: 1
2018-09-16 18:21:20 DEBUG --- [Restlet-1761061602] (JdbcTransaction.java:137) Opening JDBC Connection
2018-09-16 18:21:20 DEBUG --- [Restlet-1761061602] (JdbcTransaction.java:101) Setting autocommit to false on JDBC Connection [HikariProxyConnection@347330569 wrapping com.mysql.cj.jdbc.ConnectionImpl@4f1bfc7a]
2018-09-16 18:21:20 DEBUG --- [Restlet-1761061602] (BaseJdbcLogger.java:159) ==>  Preparing: delete from session where session_id = ?; 
2018-09-16 18:21:20 DEBUG --- [Restlet-1761061602] (BaseJdbcLogger.java:159) ==> Parameters: d74c5f21-2ace-4da1-b5df-33f5d4a6bf84(String)
2018-09-16 18:21:20 DEBUG --- [Restlet-1761061602] (BaseJdbcLogger.java:159) <==    Updates: 1
2018-09-16 18:21:20 DEBUG --- [Restlet-1761061602] (BaseJdbcLogger.java:159) ==>  Preparing: insert into session (session_id, user_id, deadline) values (?, ?, ?); 
2018-09-16 18:21:20 DEBUG --- [Restlet-1761061602] (BaseJdbcLogger.java:159) ==> Parameters: 3bcc3d10-0126-4478-88d2-f3195e62f119(String), null, 2018-10-01 18:21:20.018(Timestamp)
2018-09-16 18:21:20 DEBUG --- [Restlet-1761061602] (BaseJdbcLogger.java:159) <==    Updates: 1
2018-09-16 18:21:20 DEBUG --- [Restlet-1761061602] (JdbcTransaction.java:70) Committing JDBC Connection [HikariProxyConnection@347330569 wrapping com.mysql.cj.jdbc.ConnectionImpl@4f1bfc7a]
2018-09-16 18:22:22 DEBUG --- [Restlet-1761061602] (LogFactory.java:135) Logging initialized using 'class org.apache.ibatis.logging.slf4j.Slf4jImpl' adapter.
2018-09-16 18:22:22 DEBUG --- [Restlet-1761061602] (JdbcTransaction.java:137) Opening JDBC Connection
2018-09-16 18:22:22 DEBUG --- [Restlet-1761061602] (JdbcTransaction.java:101) Setting autocommit to false on JDBC Connection [HikariProxyConnection@756763102 wrapping com.mysql.cj.jdbc.ConnectionImpl@e6fcb09]
2018-09-16 18:22:22 DEBUG --- [Restlet-1761061602] (BaseJdbcLogger.java:159) ==>  Preparing: insert into session (session_id, user_id, deadline) values (?, ?, ?); 
2018-09-16 18:22:22 DEBUG --- [Restlet-1761061602] (BaseJdbcLogger.java:159) ==> Parameters: 3e431197-16d8-4a16-931a-87de57e4665b(String), null, 2018-10-01 18:22:22.368(Timestamp)
2018-09-16 18:22:22 DEBUG --- [Restlet-1761061602] (BaseJdbcLogger.java:159) <==    Updates: 1
2018-09-16 18:22:22 DEBUG --- [Restlet-1761061602] (JdbcTransaction.java:70) Committing JDBC Connection [HikariProxyConnection@756763102 wrapping com.mysql.cj.jdbc.ConnectionImpl@e6fcb09]
2018-09-16 18:22:37 DEBUG --- [Restlet-1761061602] (JdbcTransaction.java:137) Opening JDBC Connection
2018-09-16 18:22:37 DEBUG --- [Restlet-1761061602] (JdbcTransaction.java:101) Setting autocommit to false on JDBC Connection [HikariProxyConnection@1982453358 wrapping com.mysql.cj.jdbc.ConnectionImpl@7835b249]
2018-09-16 18:22:37 DEBUG --- [Restlet-1761061602] (BaseJdbcLogger.java:159) ==>  Preparing: select session_id as sessionId, user_id as userId, deadline from session where session_id = ?; 
2018-09-16 18:22:37 DEBUG --- [Restlet-1761061602] (BaseJdbcLogger.java:159) ==> Parameters: 3e431197-16d8-4a16-931a-87de57e4665b(String)
2018-09-16 18:22:37 DEBUG --- [Restlet-1761061602] (BaseJdbcLogger.java:159) <==      Total: 1
2018-09-16 18:22:37 DEBUG --- [Restlet-1761061602] (JdbcTransaction.java:137) Opening JDBC Connection
2018-09-16 18:22:37 DEBUG --- [Restlet-1761061602] (JdbcTransaction.java:101) Setting autocommit to false on JDBC Connection [HikariProxyConnection@1937289107 wrapping com.mysql.cj.jdbc.ConnectionImpl@4952ac99]
2018-09-16 18:22:37 DEBUG --- [Restlet-1761061602] (BaseJdbcLogger.java:159) ==>  Preparing: select id from user where id = ? 
2018-09-16 18:22:37 DEBUG --- [Restlet-1761061602] (BaseJdbcLogger.java:159) ==> Parameters: null
2018-09-16 18:22:37 DEBUG --- [Restlet-1761061602] (BaseJdbcLogger.java:159) <==      Total: 0
2018-09-16 18:23:46 DEBUG --- [Restlet-1761061602] (LogFactory.java:135) Logging initialized using 'class org.apache.ibatis.logging.slf4j.Slf4jImpl' adapter.
2018-09-16 18:23:46 DEBUG --- [Restlet-1761061602] (JdbcTransaction.java:137) Opening JDBC Connection
2018-09-16 18:23:46 DEBUG --- [Restlet-1761061602] (JdbcTransaction.java:101) Setting autocommit to false on JDBC Connection [HikariProxyConnection@269842855 wrapping com.mysql.cj.jdbc.ConnectionImpl@76813250]
2018-09-16 18:23:46 DEBUG --- [Restlet-1761061602] (BaseJdbcLogger.java:159) ==>  Preparing: select session_id as sessionId, user_id as userId, deadline from session where session_id = ?; 
2018-09-16 18:23:46 DEBUG --- [Restlet-1761061602] (BaseJdbcLogger.java:159) ==> Parameters: 3e431197-16d8-4a16-931a-87de57e4665b(String)
2018-09-16 18:23:46 DEBUG --- [Restlet-1761061602] (BaseJdbcLogger.java:159) <==      Total: 1
2018-09-16 18:23:46 DEBUG --- [Restlet-1761061602] (JdbcTransaction.java:137) Opening JDBC Connection
2018-09-16 18:23:46 DEBUG --- [Restlet-1761061602] (JdbcTransaction.java:101) Setting autocommit to false on JDBC Connection [HikariProxyConnection@501868682 wrapping com.mysql.cj.jdbc.ConnectionImpl@58a0c99b]
2018-09-16 18:23:46 DEBUG --- [Restlet-1761061602] (BaseJdbcLogger.java:159) ==>  Preparing: select id from user where id = ? 
2018-09-16 18:23:46 DEBUG --- [Restlet-1761061602] (BaseJdbcLogger.java:159) ==> Parameters: null
2018-09-16 18:23:46 DEBUG --- [Restlet-1761061602] (BaseJdbcLogger.java:159) <==      Total: 0
2018-09-16 18:24:26 DEBUG --- [Restlet-1761061602] (LogFactory.java:135) Logging initialized using 'class org.apache.ibatis.logging.slf4j.Slf4jImpl' adapter.
2018-09-16 18:24:26 DEBUG --- [Restlet-1761061602] (JdbcTransaction.java:137) Opening JDBC Connection
2018-09-16 18:24:26 DEBUG --- [Restlet-1761061602] (JdbcTransaction.java:101) Setting autocommit to false on JDBC Connection [HikariProxyConnection@1369995987 wrapping com.mysql.cj.jdbc.ConnectionImpl@7f01ee47]
2018-09-16 18:24:26 DEBUG --- [Restlet-1761061602] (BaseJdbcLogger.java:159) ==>  Preparing: select session_id as sessionId, user_id as userId, deadline from session where session_id = ?; 
2018-09-16 18:24:26 DEBUG --- [Restlet-1761061602] (BaseJdbcLogger.java:159) ==> Parameters: 3e431197-16d8-4a16-931a-87de57e4665b(String)
2018-09-16 18:24:26 DEBUG --- [Restlet-1761061602] (BaseJdbcLogger.java:159) <==      Total: 1
2018-09-16 18:24:26 DEBUG --- [Restlet-1761061602] (JdbcTransaction.java:137) Opening JDBC Connection
2018-09-16 18:24:26 DEBUG --- [Restlet-1761061602] (JdbcTransaction.java:101) Setting autocommit to false on JDBC Connection [HikariProxyConnection@1011940603 wrapping com.mysql.cj.jdbc.ConnectionImpl@78905af3]
2018-09-16 18:24:26 DEBUG --- [Restlet-1761061602] (BaseJdbcLogger.java:159) ==>  Preparing: select id from user where id = ? 
2018-09-16 18:24:26 DEBUG --- [Restlet-1761061602] (BaseJdbcLogger.java:159) ==> Parameters: null
2018-09-16 18:24:26 DEBUG --- [Restlet-1761061602] (BaseJdbcLogger.java:159) <==      Total: 0
2018-09-16 18:24:40 DEBUG --- [Restlet-1761061602] (JdbcTransaction.java:137) Opening JDBC Connection
2018-09-16 18:24:40 DEBUG --- [Restlet-1761061602] (JdbcTransaction.java:101) Setting autocommit to false on JDBC Connection [HikariProxyConnection@1922274055 wrapping com.mysql.cj.jdbc.ConnectionImpl@432048bf]
2018-09-16 18:24:40 DEBUG --- [Restlet-1761061602] (BaseJdbcLogger.java:159) ==>  Preparing: select session_id as sessionId, user_id as userId, deadline from session where session_id = ?; 
2018-09-16 18:24:40 DEBUG --- [Restlet-1761061602] (BaseJdbcLogger.java:159) ==> Parameters: 3e431197-16d8-4a16-931a-87de57e4665b(String)
2018-09-16 18:24:40 DEBUG --- [Restlet-1761061602] (BaseJdbcLogger.java:159) <==      Total: 1
2018-09-16 18:24:40 DEBUG --- [Restlet-1761061602] (JdbcTransaction.java:137) Opening JDBC Connection
2018-09-16 18:24:40 DEBUG --- [Restlet-1761061602] (JdbcTransaction.java:101) Setting autocommit to false on JDBC Connection [HikariProxyConnection@1734113117 wrapping com.mysql.cj.jdbc.ConnectionImpl@9b9cb1a]
2018-09-16 18:24:40 DEBUG --- [Restlet-1761061602] (BaseJdbcLogger.java:159) ==>  Preparing: delete from session where session_id = ?; 
2018-09-16 18:24:40 DEBUG --- [Restlet-1761061602] (BaseJdbcLogger.java:159) ==> Parameters: 3e431197-16d8-4a16-931a-87de57e4665b(String)
2018-09-16 18:24:40 DEBUG --- [Restlet-1761061602] (BaseJdbcLogger.java:159) <==    Updates: 1
2018-09-16 18:24:40 DEBUG --- [Restlet-1761061602] (BaseJdbcLogger.java:159) ==>  Preparing: insert into session (session_id, user_id, deadline) values (?, ?, ?); 
2018-09-16 18:24:40 DEBUG --- [Restlet-1761061602] (BaseJdbcLogger.java:159) ==> Parameters: e46692a5-cee5-43af-b77c-c9d031ac4f25(String), null, 2018-10-01 18:24:40.867(Timestamp)
2018-09-16 18:24:40 DEBUG --- [Restlet-1761061602] (BaseJdbcLogger.java:159) <==    Updates: 1
2018-09-16 18:27:09 DEBUG --- [Restlet-1761061602] (LogFactory.java:135) Logging initialized using 'class org.apache.ibatis.logging.slf4j.Slf4jImpl' adapter.
2018-09-16 18:27:10 DEBUG --- [Restlet-1761061602] (JdbcTransaction.java:137) Opening JDBC Connection
2018-09-16 18:27:10 DEBUG --- [Restlet-1761061602] (JdbcTransaction.java:101) Setting autocommit to false on JDBC Connection [HikariProxyConnection@1207140072 wrapping com.mysql.cj.jdbc.ConnectionImpl@73ec2a0e]
2018-09-16 18:27:10 DEBUG --- [Restlet-1761061602] (BaseJdbcLogger.java:159) ==>  Preparing: select session_id as sessionId, user_id as userId, deadline from session where session_id = ?; 
2018-09-16 18:27:10 DEBUG --- [Restlet-1761061602] (BaseJdbcLogger.java:159) ==> Parameters: 3e431197-16d8-4a16-931a-87de57e4665b(String)
2018-09-16 18:27:10 DEBUG --- [Restlet-1761061602] (BaseJdbcLogger.java:159) <==      Total: 1
2018-09-16 18:27:10 DEBUG --- [Restlet-1761061602] (JdbcTransaction.java:137) Opening JDBC Connection
2018-09-16 18:27:10 DEBUG --- [Restlet-1761061602] (JdbcTransaction.java:101) Setting autocommit to false on JDBC Connection [HikariProxyConnection@855673029 wrapping com.mysql.cj.jdbc.ConnectionImpl@200c9e0e]
2018-09-16 18:27:10 DEBUG --- [Restlet-1761061602] (BaseJdbcLogger.java:159) ==>  Preparing: delete from session where session_id = ?; 
2018-09-16 18:27:10 DEBUG --- [Restlet-1761061602] (BaseJdbcLogger.java:159) ==> Parameters: 3e431197-16d8-4a16-931a-87de57e4665b(String)
2018-09-16 18:27:10 DEBUG --- [Restlet-1761061602] (BaseJdbcLogger.java:159) <==    Updates: 1
2018-09-16 18:27:10 DEBUG --- [Restlet-1761061602] (BaseJdbcLogger.java:159) ==>  Preparing: insert into session (session_id, user_id, deadline) values (?, ?, ?); 
2018-09-16 18:27:10 DEBUG --- [Restlet-1761061602] (BaseJdbcLogger.java:159) ==> Parameters: 5c684eee-1a3f-43b3-abfb-4defadbc4d11(String), null, 2018-10-01 18:27:10.159(Timestamp)
2018-09-16 18:27:10 DEBUG --- [Restlet-1761061602] (BaseJdbcLogger.java:159) <==    Updates: 1
2018-09-16 18:27:10 DEBUG --- [Restlet-1761061602] (BaseJdbcLogger.java:159) ==>  Preparing: insert into user (id, username, password, avatar) values (?, ?, ?, ?) 
2018-09-16 18:27:10 DEBUG --- [Restlet-1761061602] (BaseJdbcLogger.java:159) ==> Parameters: 3747359422798054430(Long), wahaha(String), 12345678(String), null
2018-09-16 18:28:08 DEBUG --- [Restlet-1761061602] (LogFactory.java:135) Logging initialized using 'class org.apache.ibatis.logging.slf4j.Slf4jImpl' adapter.
2018-09-16 18:28:09 DEBUG --- [Restlet-1761061602] (JdbcTransaction.java:137) Opening JDBC Connection
2018-09-16 18:28:09 DEBUG --- [Restlet-1761061602] (JdbcTransaction.java:101) Setting autocommit to false on JDBC Connection [HikariProxyConnection@3072254 wrapping com.mysql.cj.jdbc.ConnectionImpl@e025d52]
2018-09-16 18:28:09 DEBUG --- [Restlet-1761061602] (BaseJdbcLogger.java:159) ==>  Preparing: select session_id as sessionId, user_id as userId, deadline from session where session_id = ?; 
2018-09-16 18:28:09 DEBUG --- [Restlet-1761061602] (BaseJdbcLogger.java:159) ==> Parameters: 3e431197-16d8-4a16-931a-87de57e4665b(String)
2018-09-16 18:28:09 DEBUG --- [Restlet-1761061602] (BaseJdbcLogger.java:159) <==      Total: 1
2018-09-16 18:28:09 DEBUG --- [Restlet-1761061602] (JdbcTransaction.java:137) Opening JDBC Connection
2018-09-16 18:28:09 DEBUG --- [Restlet-1761061602] (JdbcTransaction.java:101) Setting autocommit to false on JDBC Connection [HikariProxyConnection@1148852321 wrapping com.mysql.cj.jdbc.ConnectionImpl@3ea390e8]
2018-09-16 18:28:09 DEBUG --- [Restlet-1761061602] (BaseJdbcLogger.java:159) ==>  Preparing: delete from session where session_id = ?; 
2018-09-16 18:28:09 DEBUG --- [Restlet-1761061602] (BaseJdbcLogger.java:159) ==> Parameters: 3e431197-16d8-4a16-931a-87de57e4665b(String)
2018-09-16 18:28:09 DEBUG --- [Restlet-1761061602] (BaseJdbcLogger.java:159) <==    Updates: 1
2018-09-16 18:28:09 DEBUG --- [Restlet-1761061602] (BaseJdbcLogger.java:159) ==>  Preparing: insert into session (session_id, user_id, deadline) values (?, ?, ?); 
2018-09-16 18:28:09 DEBUG --- [Restlet-1761061602] (BaseJdbcLogger.java:159) ==> Parameters: 0eac542a-2c56-4b19-b7ce-ec59bf6e3023(String), null, 2018-10-01 18:28:09.103(Timestamp)
2018-09-16 18:28:09 DEBUG --- [Restlet-1761061602] (BaseJdbcLogger.java:159) <==    Updates: 1
2018-09-16 18:28:09 DEBUG --- [Restlet-1761061602] (BaseJdbcLogger.java:159) ==>  Preparing: insert into user (id, username, password, avatar) values (?, ?, ?, ?) 
2018-09-16 18:28:09 DEBUG --- [Restlet-1761061602] (BaseJdbcLogger.java:159) ==> Parameters: -4476316619595583785(Long), wahaha(String), 12345678(String), null
2018-09-16 18:29:11 DEBUG --- [Restlet-1761061602] (LogFactory.java:135) Logging initialized using 'class org.apache.ibatis.logging.slf4j.Slf4jImpl' adapter.
2018-09-16 18:29:11 DEBUG --- [Restlet-1761061602] (JdbcTransaction.java:137) Opening JDBC Connection
2018-09-16 18:29:11 DEBUG --- [Restlet-1761061602] (JdbcTransaction.java:101) Setting autocommit to false on JDBC Connection [HikariProxyConnection@1308976550 wrapping com.mysql.cj.jdbc.ConnectionImpl@6f9f74d0]
2018-09-16 18:29:11 DEBUG --- [Restlet-1761061602] (BaseJdbcLogger.java:159) ==>  Preparing: select session_id as sessionId, user_id as userId, deadline from session where session_id = ?; 
2018-09-16 18:29:11 DEBUG --- [Restlet-1761061602] (BaseJdbcLogger.java:159) ==> Parameters: 3e431197-16d8-4a16-931a-87de57e4665b(String)
2018-09-16 18:29:11 DEBUG --- [Restlet-1761061602] (BaseJdbcLogger.java:159) <==      Total: 1
2018-09-16 18:29:11 DEBUG --- [Restlet-1761061602] (JdbcTransaction.java:137) Opening JDBC Connection
2018-09-16 18:29:11 DEBUG --- [Restlet-1761061602] (JdbcTransaction.java:101) Setting autocommit to false on JDBC Connection [HikariProxyConnection@1240090272 wrapping com.mysql.cj.jdbc.ConnectionImpl@599820ea]
2018-09-16 18:29:11 DEBUG --- [Restlet-1761061602] (BaseJdbcLogger.java:159) ==>  Preparing: delete from session where session_id = ?; 
2018-09-16 18:29:11 DEBUG --- [Restlet-1761061602] (BaseJdbcLogger.java:159) ==> Parameters: 3e431197-16d8-4a16-931a-87de57e4665b(String)
2018-09-16 18:29:11 DEBUG --- [Restlet-1761061602] (BaseJdbcLogger.java:159) <==    Updates: 1
2018-09-16 18:29:11 DEBUG --- [Restlet-1761061602] (BaseJdbcLogger.java:159) ==>  Preparing: insert into session (session_id, user_id, deadline) values (?, ?, ?); 
2018-09-16 18:29:11 DEBUG --- [Restlet-1761061602] (BaseJdbcLogger.java:159) ==> Parameters: e353e789-9b47-4bb4-8d22-4213cdeab278(String), null, 2018-10-01 18:29:11.996(Timestamp)
2018-09-16 18:29:12 DEBUG --- [Restlet-1761061602] (BaseJdbcLogger.java:159) <==    Updates: 1
2018-09-16 18:29:12 DEBUG --- [Restlet-1761061602] (BaseJdbcLogger.java:159) ==>  Preparing: insert into user (id, username, password, avatar) values (?, ?, ?, ?) 
2018-09-16 18:29:12 DEBUG --- [Restlet-1761061602] (BaseJdbcLogger.java:159) ==> Parameters: -570820392(Long), wahaha(String), 12345678(String), null
2018-09-16 18:29:12 DEBUG --- [Restlet-1761061602] (BaseJdbcLogger.java:159) <==    Updates: 1
2018-09-16 18:29:12 DEBUG --- [Restlet-1761061602] (BaseJdbcLogger.java:159) ==>  Preparing: insert into session (session_id, user_id, deadline) values (?, ?, ?); 
2018-09-16 18:29:12 DEBUG --- [Restlet-1761061602] (BaseJdbcLogger.java:159) ==> Parameters: 76c015aa-026d-4486-9089-22b2de4a87e0(String), -570820392(Long), null
2018-09-16 18:29:12 DEBUG --- [Restlet-1761061602] (BaseJdbcLogger.java:159) <==    Updates: 1
2018-09-16 18:29:12 DEBUG --- [Restlet-1761061602] (JdbcTransaction.java:70) Committing JDBC Connection [HikariProxyConnection@1240090272 wrapping com.mysql.cj.jdbc.ConnectionImpl@599820ea]
2018-09-16 18:35:11 DEBUG --- [Restlet-1761061602] (LogFactory.java:135) Logging initialized using 'class org.apache.ibatis.logging.slf4j.Slf4jImpl' adapter.
2018-09-16 18:35:11 DEBUG --- [Restlet-1761061602] (JdbcTransaction.java:137) Opening JDBC Connection
2018-09-16 18:35:11 DEBUG --- [Restlet-1761061602] (JdbcTransaction.java:101) Setting autocommit to false on JDBC Connection [HikariProxyConnection@3072254 wrapping com.mysql.cj.jdbc.ConnectionImpl@e025d52]
2018-09-16 18:35:11 DEBUG --- [Restlet-1761061602] (BaseJdbcLogger.java:159) ==>  Preparing: select session_id as sessionId, user_id as userId, deadline from session where session_id = ?; 
2018-09-16 18:35:11 DEBUG --- [Restlet-1761061602] (BaseJdbcLogger.java:159) ==> Parameters: 3e431197-16d8-4a16-931a-87de57e4665b(String)
2018-09-16 18:35:11 DEBUG --- [Restlet-1761061602] (BaseJdbcLogger.java:159) <==      Total: 0
2018-09-16 18:37:20 DEBUG --- [Restlet-1761061602] (LogFactory.java:135) Logging initialized using 'class org.apache.ibatis.logging.slf4j.Slf4jImpl' adapter.
2018-09-16 18:37:20 DEBUG --- [Restlet-1761061602] (JdbcTransaction.java:137) Opening JDBC Connection
2018-09-16 18:37:20 DEBUG --- [Restlet-1761061602] (JdbcTransaction.java:101) Setting autocommit to false on JDBC Connection [HikariProxyConnection@35579095 wrapping com.mysql.cj.jdbc.ConnectionImpl@1e7edeb8]
2018-09-16 18:37:20 DEBUG --- [Restlet-1761061602] (BaseJdbcLogger.java:159) ==>  Preparing: select session_id as sessionId, user_id as userId, deadline from session where session_id = ?; 
2018-09-16 18:37:20 DEBUG --- [Restlet-1761061602] (BaseJdbcLogger.java:159) ==> Parameters: 337758cd-4d84-4e75-91fb-a6112c21173b(String)
2018-09-16 18:37:20 DEBUG --- [Restlet-1761061602] (BaseJdbcLogger.java:159) <==      Total: 1
2018-09-16 18:37:20 DEBUG --- [Restlet-1761061602] (JdbcTransaction.java:137) Opening JDBC Connection
2018-09-16 18:37:20 DEBUG --- [Restlet-1761061602] (JdbcTransaction.java:101) Setting autocommit to false on JDBC Connection [HikariProxyConnection@1492854700 wrapping com.mysql.cj.jdbc.ConnectionImpl@59ad055b]
2018-09-16 18:37:20 DEBUG --- [Restlet-1761061602] (BaseJdbcLogger.java:159) ==>  Preparing: delete from session where session_id = ?; 
2018-09-16 18:37:20 DEBUG --- [Restlet-1761061602] (BaseJdbcLogger.java:159) ==> Parameters: 337758cd-4d84-4e75-91fb-a6112c21173b(String)
2018-09-16 18:37:20 DEBUG --- [Restlet-1761061602] (BaseJdbcLogger.java:159) <==    Updates: 1
2018-09-16 18:37:20 DEBUG --- [Restlet-1761061602] (BaseJdbcLogger.java:159) ==>  Preparing: insert into session (session_id, user_id, deadline) values (?, ?, ?); 
2018-09-16 18:37:20 DEBUG --- [Restlet-1761061602] (BaseJdbcLogger.java:159) ==> Parameters: 83227211-2260-405d-8883-7beb3c0e2935(String), null, 2018-10-01 18:37:20.979(Timestamp)
2018-09-16 18:37:20 DEBUG --- [Restlet-1761061602] (BaseJdbcLogger.java:159) <==    Updates: 1
2018-09-16 18:37:20 DEBUG --- [Restlet-1761061602] (BaseJdbcLogger.java:159) ==>  Preparing: insert into user (id, username, password, avatar) values (?, ?, ?, ?) 
2018-09-16 18:37:20 DEBUG --- [Restlet-1761061602] (BaseJdbcLogger.java:159) ==> Parameters: 65442073(Long), wahaha(String), 12345678(String), null
2018-09-16 18:37:20 DEBUG --- [Restlet-1761061602] (BaseJdbcLogger.java:159) <==    Updates: 1
2018-09-16 18:37:20 DEBUG --- [Restlet-1761061602] (BaseJdbcLogger.java:159) ==>  Preparing: insert into session (session_id, user_id, deadline) values (?, ?, ?); 
2018-09-16 18:37:20 DEBUG --- [Restlet-1761061602] (BaseJdbcLogger.java:159) ==> Parameters: daa42255-c3e6-4886-a8ff-61b8501677e0(String), 65442073(Long), null
2018-09-16 18:37:20 DEBUG --- [Restlet-1761061602] (BaseJdbcLogger.java:159) <==    Updates: 1
2018-09-16 18:37:20 DEBUG --- [Restlet-1761061602] (JdbcTransaction.java:70) Committing JDBC Connection [HikariProxyConnection@1492854700 wrapping com.mysql.cj.jdbc.ConnectionImpl@59ad055b]
