2018-09-17 22:24:55 ERROR --- [Restlet-209833425] (HikariPool.java:534) HikariPool-1 - Exception during pool initialization.
java.sql.SQLSyntaxErrorException: Unknown database 'auth'
	at com.mysql.cj.jdbc.exceptions.SQLError.createSQLException(SQLError.java:118) ~[mysql-connector-java-8.0.11.jar:8.0.11]
	at com.mysql.cj.jdbc.exceptions.SQLError.createSQLException(SQLError.java:95) ~[mysql-connector-java-8.0.11.jar:8.0.11]
	at com.mysql.cj.jdbc.exceptions.SQLExceptionsMapping.translateException(SQLExceptionsMapping.java:122) ~[mysql-connector-java-8.0.11.jar:8.0.11]
	at com.mysql.cj.jdbc.ConnectionImpl.createNewIO(ConnectionImpl.java:862) ~[mysql-connector-java-8.0.11.jar:8.0.11]
	at com.mysql.cj.jdbc.ConnectionImpl.<init>(ConnectionImpl.java:444) ~[mysql-connector-java-8.0.11.jar:8.0.11]
	at com.mysql.cj.jdbc.ConnectionImpl.getInstance(ConnectionImpl.java:230) ~[mysql-connector-java-8.0.11.jar:8.0.11]
	at com.mysql.cj.jdbc.NonRegisteringDriver.connect(NonRegisteringDriver.java:226) ~[mysql-connector-java-8.0.11.jar:8.0.11]
	at com.zaxxer.hikari.util.DriverDataSource.getConnection(DriverDataSource.java:95) ~[HikariCP-2.6.0.jar:?]
	at com.zaxxer.hikari.util.DriverDataSource.getConnection(DriverDataSource.java:101) ~[HikariCP-2.6.0.jar:?]
	at com.zaxxer.hikari.pool.PoolBase.newConnection(PoolBase.java:346) ~[HikariCP-2.6.0.jar:?]
	at com.zaxxer.hikari.pool.PoolBase.newPoolEntry(PoolBase.java:196) ~[HikariCP-2.6.0.jar:?]
	at com.zaxxer.hikari.pool.HikariPool.createPoolEntry(HikariPool.java:442) [HikariCP-2.6.0.jar:?]
	at com.zaxxer.hikari.pool.HikariPool.checkFailFast(HikariPool.java:505) [HikariCP-2.6.0.jar:?]
	at com.zaxxer.hikari.pool.HikariPool.<init>(HikariPool.java:113) [HikariCP-2.6.0.jar:?]
	at com.zaxxer.hikari.HikariDataSource.<init>(HikariDataSource.java:72) [HikariCP-2.6.0.jar:?]
	at indi.auth.sql.SqlSessionManager.init(SqlSessionManager.java:45) [classes/:?]
	at indi.auth.sql.SqlSessionManager.<clinit>(SqlSessionManager.java:31) [classes/:?]
	at indi.auth.restlet.resource.UserResource.createAuthUser(UserResource.java:63) [classes/:?]
	at sun.reflect.NativeMethodAccessorImpl.invoke0(Native Method) ~[?:1.8.0_162-ea]
	at sun.reflect.NativeMethodAccessorImpl.invoke(NativeMethodAccessorImpl.java:62) ~[?:1.8.0_162-ea]
	at sun.reflect.DelegatingMethodAccessorImpl.invoke(DelegatingMethodAccessorImpl.java:43) ~[?:1.8.0_162-ea]
	at java.lang.reflect.Method.invoke(Method.java:498) ~[?:1.8.0_162-ea]
	at org.restlet.resource.ServerResource.doHandle(ServerResource.java:508) [org.restlet-2.3.12.jar:?]
	at org.restlet.resource.ServerResource.post(ServerResource.java:1341) [org.restlet-2.3.12.jar:?]
	at org.restlet.resource.ServerResource.doHandle(ServerResource.java:606) [org.restlet-2.3.12.jar:?]
	at org.restlet.resource.ServerResource.doNegotiatedHandle(ServerResource.java:662) [org.restlet-2.3.12.jar:?]
	at org.restlet.resource.ServerResource.doConditionalHandle(ServerResource.java:348) [org.restlet-2.3.12.jar:?]
	at org.restlet.resource.ServerResource.handle(ServerResource.java:1020) [org.restlet-2.3.12.jar:?]
	at org.restlet.resource.Finder.handle(Finder.java:236) [org.restlet-2.3.12.jar:?]
	at org.restlet.routing.Filter.doHandle(Filter.java:150) [org.restlet-2.3.12.jar:?]
	at org.restlet.routing.Filter.handle(Filter.java:197) [org.restlet-2.3.12.jar:?]
	at org.restlet.routing.Router.doHandle(Router.java:422) [org.restlet-2.3.12.jar:?]
	at org.restlet.routing.Router.handle(Router.java:641) [org.restlet-2.3.12.jar:?]
	at org.restlet.routing.Filter.doHandle(Filter.java:150) [org.restlet-2.3.12.jar:?]
	at org.restlet.routing.Filter.handle(Filter.java:197) [org.restlet-2.3.12.jar:?]
	at org.restlet.routing.Router.doHandle(Router.java:422) [org.restlet-2.3.12.jar:?]
	at org.restlet.routing.Router.handle(Router.java:641) [org.restlet-2.3.12.jar:?]
	at org.restlet.routing.Filter.doHandle(Filter.java:150) [org.restlet-2.3.12.jar:?]
	at org.restlet.engine.application.StatusFilter.doHandle(StatusFilter.java:140) [org.restlet-2.3.12.jar:?]
	at org.restlet.routing.Filter.handle(Filter.java:197) [org.restlet-2.3.12.jar:?]
	at org.restlet.routing.Filter.doHandle(Filter.java:150) [org.restlet-2.3.12.jar:?]
	at org.restlet.routing.Filter.handle(Filter.java:197) [org.restlet-2.3.12.jar:?]
	at org.restlet.engine.CompositeHelper.handle(CompositeHelper.java:202) [org.restlet-2.3.12.jar:?]
	at org.restlet.Component.handle(Component.java:408) [org.restlet-2.3.12.jar:?]
	at org.restlet.Server.handle(Server.java:507) [org.restlet-2.3.12.jar:?]
	at org.restlet.engine.connector.ServerHelper.handle(ServerHelper.java:63) [org.restlet-2.3.12.jar:?]
	at org.restlet.engine.adapter.HttpServerHelper.handle(HttpServerHelper.java:143) [org.restlet-2.3.12.jar:?]
	at org.restlet.engine.connector.HttpServerHelper$1.handle(HttpServerHelper.java:79) [org.restlet-2.3.12.jar:?]
	at com.sun.net.httpserver.Filter$Chain.doFilter(Filter.java:79) [?:1.8.0_162-ea]
	at sun.net.httpserver.AuthFilter.doFilter(AuthFilter.java:83) [?:1.8.0_162-ea]
	at com.sun.net.httpserver.Filter$Chain.doFilter(Filter.java:82) [?:1.8.0_162-ea]
	at sun.net.httpserver.ServerImpl$Exchange$LinkHandler.handle(ServerImpl.java:675) [?:1.8.0_162-ea]
	at com.sun.net.httpserver.Filter$Chain.doFilter(Filter.java:79) [?:1.8.0_162-ea]
	at sun.net.httpserver.ServerImpl$Exchange.run(ServerImpl.java:647) [?:1.8.0_162-ea]
	at java.util.concurrent.ThreadPoolExecutor.runWorker(ThreadPoolExecutor.java:1149) [?:1.8.0_162-ea]
	at java.util.concurrent.ThreadPoolExecutor$Worker.run(ThreadPoolExecutor.java:624) [?:1.8.0_162-ea]
	at java.lang.Thread.run(Thread.java:748) [?:1.8.0_162-ea]
