2018-09-16 11:29:59 TRACE --- [Restlet-1761061602] (BaseJdbcLogger.java:165) <==    Columns: session_id, user_id, deadline
2018-09-16 11:29:59 TRACE --- [Restlet-1761061602] (BaseJdbcLogger.java:165) <==        Row: 19f52fbf-9c17-4914-8425-92026f333a09, null, 2018-10-01 03:26:02
2018-09-16 11:30:38 TRACE --- [Restlet-1761061602] (BaseJdbcLogger.java:165) <==    Columns: session_id, user_id, deadline
2018-09-16 11:30:38 TRACE --- [Restlet-1761061602] (BaseJdbcLogger.java:165) <==        Row: 19f52fbf-9c17-4914-8425-92026f333a09, null, 2018-10-01 03:26:02
2018-09-16 11:30:42 TRACE --- [Restlet-1761061602] (BaseJdbcLogger.java:165) <==    Columns: session_id, user_id, deadline
2018-09-16 11:30:42 TRACE --- [Restlet-1761061602] (BaseJdbcLogger.java:165) <==        Row: 19f52fbf-9c17-4914-8425-92026f333a09, null, 2018-10-01 03:26:02
2018-09-16 11:32:31 TRACE --- [Restlet-1761061602] (BaseJdbcLogger.java:165) <==    Columns: session_id, user_id, deadline
2018-09-16 11:32:31 TRACE --- [Restlet-1761061602] (BaseJdbcLogger.java:165) <==        Row: 19f52fbf-9c17-4914-8425-92026f333a09, null, 2018-10-01 03:26:02
2018-09-16 11:34:10 TRACE --- [Restlet-1761061602] (BaseJdbcLogger.java:165) <==    Columns: session_id, user_id, deadline
2018-09-16 11:34:10 TRACE --- [Restlet-1761061602] (BaseJdbcLogger.java:165) <==        Row: 19f52fbf-9c17-4914-8425-92026f333a09, null, 2018-10-01 03:26:02
2018-09-16 11:34:16 TRACE --- [Restlet-1761061602] (BaseJdbcLogger.java:165) <==    Columns: session_id, user_id, deadline
2018-09-16 11:34:16 TRACE --- [Restlet-1761061602] (BaseJdbcLogger.java:165) <==        Row: 19f52fbf-9c17-4914-8425-92026f333a09, null, 2018-10-01 03:26:02
2018-09-16 11:34:16 TRACE --- [Restlet-1761061602] (BaseJdbcLogger.java:165) <==    Columns: id
2018-09-16 11:34:16 TRACE --- [Restlet-1761061602] (BaseJdbcLogger.java:165) <==        Row: 123
2018-09-16 11:39:41 TRACE --- [Restlet-1761061602] (BaseJdbcLogger.java:165) <==    Columns: session_id, user_id, deadline
2018-09-16 11:39:41 TRACE --- [Restlet-1761061602] (BaseJdbcLogger.java:165) <==        Row: 19f52fbf-9c17-4914-8425-92026f333a09, null, 2018-10-01 03:26:02
2018-09-16 11:39:41 TRACE --- [Restlet-1761061602] (BaseJdbcLogger.java:165) <==    Columns: id
2018-09-16 11:39:41 TRACE --- [Restlet-1761061602] (BaseJdbcLogger.java:165) <==        Row: 123
2018-09-16 18:11:01 TRACE --- [Restlet-1761061602] (BaseJdbcLogger.java:165) <==    Columns: session_id, user_id, deadline
2018-09-16 18:11:01 TRACE --- [Restlet-1761061602] (BaseJdbcLogger.java:165) <==        Row: 3e77655a-6ac1-400b-9bfe-0c523a729605, null, 2018-10-01 10:10:20
2018-09-16 18:13:36 TRACE --- [Restlet-1761061602] (BaseJdbcLogger.java:165) <==    Columns: session_id, user_id, deadline
2018-09-16 18:13:36 TRACE --- [Restlet-1761061602] (BaseJdbcLogger.java:165) <==        Row: 3e77655a-6ac1-400b-9bfe-0c523a729605, null, 2018-10-01 10:10:20
2018-09-16 18:13:52 TRACE --- [Restlet-1946403944] (BaseJdbcLogger.java:165) <==    Columns: session_id, user_id, deadline
2018-09-16 18:13:52 TRACE --- [Restlet-1946403944] (BaseJdbcLogger.java:165) <==        Row: 3e77655a-6ac1-400b-9bfe-0c523a729605, null, 2018-10-01 10:10:20
2018-09-16 18:14:20 TRACE --- [Restlet-1946403944] (BaseJdbcLogger.java:165) <==    Columns: session_id, user_id, deadline
2018-09-16 18:14:20 TRACE --- [Restlet-1946403944] (BaseJdbcLogger.java:165) <==        Row: 3e77655a-6ac1-400b-9bfe-0c523a729605, null, 2018-10-01 10:10:20
2018-09-16 18:16:36 TRACE --- [Restlet-1946403944] (BaseJdbcLogger.java:165) <==    Columns: session_id, user_id, deadline
2018-09-16 18:16:36 TRACE --- [Restlet-1946403944] (BaseJdbcLogger.java:165) <==        Row: 3e77655a-6ac1-400b-9bfe-0c523a729605, null, 2018-10-01 10:10:20
2018-09-16 18:17:48 TRACE --- [Restlet-1946403944] (BaseJdbcLogger.java:165) <==    Columns: session_id, user_id, deadline
2018-09-16 18:17:48 TRACE --- [Restlet-1946403944] (BaseJdbcLogger.java:165) <==        Row: 3e77655a-6ac1-400b-9bfe-0c523a729605, null, 2018-10-01 10:10:20
2018-09-16 18:19:25 TRACE --- [Restlet-1946403944] (BaseJdbcLogger.java:165) <==    Columns: sessionId, userId, deadline
2018-09-16 18:19:25 TRACE --- [Restlet-1946403944] (BaseJdbcLogger.java:165) <==        Row: 3e77655a-6ac1-400b-9bfe-0c523a729605, null, 2018-10-01 10:10:20
2018-09-16 18:20:17 TRACE --- [Restlet-1761061602] (BaseJdbcLogger.java:165) <==    Columns: sessionId, userId, deadline
2018-09-16 18:20:17 TRACE --- [Restlet-1761061602] (BaseJdbcLogger.java:165) <==        Row: 2c444e23-28fb-49c4-84fa-ba9ee14979b7, null, 2018-10-01 10:20:08
2018-09-16 18:20:35 TRACE --- [Restlet-1761061602] (BaseJdbcLogger.java:165) <==    Columns: sessionId, userId, deadline
2018-09-16 18:20:35 TRACE --- [Restlet-1761061602] (BaseJdbcLogger.java:165) <==        Row: b6c21cc6-9613-4568-aed6-8c86e9d53e53, null, 2018-10-01 10:20:17
2018-09-16 18:21:20 TRACE --- [Restlet-1761061602] (BaseJdbcLogger.java:165) <==    Columns: sessionId, userId, deadline
2018-09-16 18:21:20 TRACE --- [Restlet-1761061602] (BaseJdbcLogger.java:165) <==        Row: d74c5f21-2ace-4da1-b5df-33f5d4a6bf84, null, 2018-10-01 10:20:36
2018-09-16 18:22:37 TRACE --- [Restlet-1761061602] (BaseJdbcLogger.java:165) <==    Columns: sessionId, userId, deadline
2018-09-16 18:22:37 TRACE --- [Restlet-1761061602] (BaseJdbcLogger.java:165) <==        Row: 3e431197-16d8-4a16-931a-87de57e4665b, null, 2018-10-01 10:22:22
2018-09-16 18:23:46 TRACE --- [Restlet-1761061602] (BaseJdbcLogger.java:165) <==    Columns: sessionId, userId, deadline
2018-09-16 18:23:46 TRACE --- [Restlet-1761061602] (BaseJdbcLogger.java:165) <==        Row: 3e431197-16d8-4a16-931a-87de57e4665b, null, 2018-10-01 10:22:22
2018-09-16 18:24:26 TRACE --- [Restlet-1761061602] (BaseJdbcLogger.java:165) <==    Columns: sessionId, userId, deadline
2018-09-16 18:24:26 TRACE --- [Restlet-1761061602] (BaseJdbcLogger.java:165) <==        Row: 3e431197-16d8-4a16-931a-87de57e4665b, null, 2018-10-01 10:22:22
2018-09-16 18:24:40 TRACE --- [Restlet-1761061602] (BaseJdbcLogger.java:165) <==    Columns: sessionId, userId, deadline
2018-09-16 18:24:40 TRACE --- [Restlet-1761061602] (BaseJdbcLogger.java:165) <==        Row: 3e431197-16d8-4a16-931a-87de57e4665b, null, 2018-10-01 10:22:22
2018-09-16 18:27:10 TRACE --- [Restlet-1761061602] (BaseJdbcLogger.java:165) <==    Columns: sessionId, userId, deadline
2018-09-16 18:27:10 TRACE --- [Restlet-1761061602] (BaseJdbcLogger.java:165) <==        Row: 3e431197-16d8-4a16-931a-87de57e4665b, null, 2018-10-01 10:22:22
2018-09-16 18:28:09 TRACE --- [Restlet-1761061602] (BaseJdbcLogger.java:165) <==    Columns: sessionId, userId, deadline
2018-09-16 18:28:09 TRACE --- [Restlet-1761061602] (BaseJdbcLogger.java:165) <==        Row: 3e431197-16d8-4a16-931a-87de57e4665b, null, 2018-10-01 10:22:22
2018-09-16 18:29:11 TRACE --- [Restlet-1761061602] (BaseJdbcLogger.java:165) <==    Columns: sessionId, userId, deadline
2018-09-16 18:29:11 TRACE --- [Restlet-1761061602] (BaseJdbcLogger.java:165) <==        Row: 3e431197-16d8-4a16-931a-87de57e4665b, null, 2018-10-01 10:22:22
2018-09-16 18:37:20 TRACE --- [Restlet-1761061602] (BaseJdbcLogger.java:165) <==    Columns: sessionId, userId, deadline
2018-09-16 18:37:20 TRACE --- [Restlet-1761061602] (BaseJdbcLogger.java:165) <==        Row: 337758cd-4d84-4e75-91fb-a6112c21173b, null, 2018-10-01 10:13:37
